<?xml version="1.0" encoding="UTF-8"?>
<!-- Generated by org.testng.reporters.JUnitReportReporter -->
<testsuite hostname="INLN34327653A" failures="0" tests="1" name="Firstscript" time="12.888" errors="0" timestamp="2021-09-21T10:04:17 IST" skipped="0">
  <testcase classname="Firstscript" name="test" time="12.888"/>
  <system-out/>
</testsuite> <!-- Firstscript -->
