<?xml version="1.0" encoding="UTF-8"?>
<!-- Generated by org.testng.reporters.JUnitReportReporter -->
<testsuite hostname="INLN34327653A" failures="0" tests="3" name="com.Testcases.HomePageDetails" time="26.802" errors="0" timestamp="2021-09-22T19:55:56 IST" skipped="0">
  <testcase classname="com.Testcases.HomePageDetails" name="HomePageTestcase" time="5.117"/>
  <system-out/>
  <testcase classname="com.Testcases.HomePageDetails" name="BookFlightTestcase" time="8.998"/>
  <system-out/>
  <testcase classname="com.Testcases.HomePageDetails" name="LoginandForgotpasswordlink" time="12.687"/>
  <system-out/>
</testsuite> <!-- com.Testcases.HomePageDetails -->
