<?xml version="1.0" encoding="UTF-8"?>
<!-- Generated by org.testng.reporters.JUnitReportReporter -->
<testsuite hostname="INLN34327653A" failures="0" tests="3" name="com.Testcases.Testcases" time="34.704" errors="0" timestamp="2021-09-22T20:06:44 IST" skipped="0">
  <testcase classname="com.Testcases.Testcases" name="HomePageTestcase" time="9.351"/>
  <system-out/>
  <testcase classname="com.Testcases.Testcases" name="BookFlightTestcase" time="6.691"/>
  <system-out/>
  <testcase classname="com.Testcases.Testcases" name="LoginandForgotpasswordlink" time="18.662"/>
  <system-out/>
</testsuite> <!-- com.Testcases.Testcases -->
